# JRE version: Java(TM) SE Runtime Environment (21.0.4+8) (build 21.0.4+8-LTS-274)
# Java VM: Java HotSpot(TM) 64-Bit Server VM (21.0.4+8-LTS-274, mixed mode, sharing, tiered, compressed oops, compressed class ptrs, g1 gc, windows-amd64)
GC Precious Log:
 CardTable entry size: 512
 Card Set container configuration: InlinePtr #cards 4 size 8 Array Of Cards #cards 16 size 48 Howl #buckets 8 coarsen threshold 3686 Howl Bitmap #cards 512 size 80 coarsen threshold 460 Card regions per heap region 1 cards per card region 4096
 CPUs: 16 total, 16 available
 Memory: 16088M
 Large Page Support: Disabled
 NUMA Support: Disabled
 Compressed Oops: Enabled (Zero based)
 Heap Region Size: 2M
 Heap Min Capacity: 8M
 Heap Initial Capacity: 252M
 Heap Max Capacity: 4024M
 Pre-touch: Disabled
 Parallel Workers: 13
 Concurrent Workers: 3
 Concurrent Refinement Workers: 13
 Periodic GC: Disabled
Heap:
 garbage-first heap   total 92160K, used 43798K [0x0000000704800000, 0x0000000800000000)
  region size 2048K, 9 young (18432K), 3 survivors (6144K)
 Metaspace       used 78953K, committed 79808K, reserved 1179648K
  class space    used 10439K, committed 10880K, reserved 1048576K
GC Heap History (20 events):
Event: 38.334 GC heap before
{Heap before GC invocations=14 (full 0):
 garbage-first heap   total 92160K, used 47184K [0x0000000704800000, 0x0000000800000000)
  region size 2048K, 13 young (26624K), 4 survivors (8192K)
 Metaspace       used 74076K, committed 74752K, reserved 1114112K
  class space    used 10208K, committed 10496K, reserved 1048576K
}
Event: 38.381 GC heap after
{Heap after GC invocations=15 (full 1):
 garbage-first heap   total 92160K, used 27619K [0x0000000704800000, 0x0000000800000000)
  region size 2048K, 0 young (0K), 0 survivors (0K)
 Metaspace       used 74076K, committed 74752K, reserved 1114112K
  class space    used 10208K, committed 10496K, reserved 1048576K
}
Event: 39.176 GC heap before
{Heap before GC invocations=15 (full 1):
 garbage-first heap   total 92160K, used 74723K [0x0000000704800000, 0x0000000800000000)
  region size 2048K, 24 young (49152K), 0 survivors (0K)
 Metaspace       used 74685K, committed 75456K, reserved 1114112K
  class space    used 10225K, committed 10560K, reserved 1048576K
}
Event: 39.181 GC heap after
{Heap after GC invocations=16 (full 1):
 garbage-first heap   total 92160K, used 32767K [0x0000000704800000, 0x0000000800000000)
  region size 2048K, 3 young (6144K), 3 survivors (6144K)
 Metaspace       used 74685K, committed 75456K, reserved 1114112K
  class space    used 10225K, committed 10560K, reserved 1048576K
}
Event: 76.458 GC heap before
{Heap before GC invocations=17 (full 1):
 garbage-first heap   total 92160K, used 43007K [0x0000000704800000, 0x0000000800000000)
  region size 2048K, 9 young (18432K), 3 survivors (6144K)
 Metaspace       used 75371K, committed 76096K, reserved 1179648K
  class space    used 10283K, committed 10624K, reserved 1048576K
}
Event: 76.519 GC heap after
{Heap after GC invocations=18 (full 2):
 garbage-first heap   total 92160K, used 27876K [0x0000000704800000, 0x0000000800000000)
  region size 2048K, 0 young (0K), 0 survivors (0K)
 Metaspace       used 75368K, committed 76096K, reserved 1179648K
  class space    used 10283K, committed 10624K, reserved 1048576K
}
Event: 77.497 GC heap before
{Heap before GC invocations=18 (full 2):
 garbage-first heap   total 92160K, used 74980K [0x0000000704800000, 0x0000000800000000)
  region size 2048K, 24 young (49152K), 0 survivors (0K)
 Metaspace       used 75935K, committed 76736K, reserved 1179648K
  class space    used 10301K, committed 10688K, reserved 1048576K
}
Event: 77.501 GC heap after
{Heap after GC invocations=19 (full 2):
 garbage-first heap   total 92160K, used 32989K [0x0000000704800000, 0x0000000800000000)
  region size 2048K, 3 young (6144K), 3 survivors (6144K)
 Metaspace       used 75935K, committed 76736K, reserved 1179648K
  class space    used 10301K, committed 10688K, reserved 1048576K
}
Event: 132.979 GC heap before
{Heap before GC invocations=20 (full 2):
 garbage-first heap   total 92160K, used 43229K [0x0000000704800000, 0x0000000800000000)
  region size 2048K, 9 young (18432K), 3 survivors (6144K)
 Metaspace       used 76834K, committed 77632K, reserved 1179648K
  class space    used 10378K, committed 10752K, reserved 1048576K
}
Event: 133.025 GC heap after
{Heap after GC invocations=21 (full 3):
 garbage-first heap   total 92160K, used 28207K [0x0000000704800000, 0x0000000800000000)
  region size 2048K, 0 young (0K), 0 survivors (0K)
 Metaspace       used 76831K, committed 77632K, reserved 1179648K
  class space    used 10378K, committed 10752K, reserved 1048576K
}
Event: 133.692 GC heap before
{Heap before GC invocations=21 (full 3):
 garbage-first heap   total 92160K, used 73263K [0x0000000704800000, 0x0000000800000000)
  region size 2048K, 23 young (47104K), 0 survivors (0K)
 Metaspace       used 77294K, committed 78080K, reserved 1179648K
  class space    used 10391K, committed 10752K, reserved 1048576K
}
Event: 133.695 GC heap after
{Heap after GC invocations=22 (full 3):
 garbage-first heap   total 92160K, used 33065K [0x0000000704800000, 0x0000000800000000)
  region size 2048K, 3 young (6144K), 3 survivors (6144K)
 Metaspace       used 77294K, committed 78080K, reserved 1179648K
  class space    used 10391K, committed 10752K, reserved 1048576K
}
Event: 162.719 GC heap before
{Heap before GC invocations=23 (full 3):
 garbage-first heap   total 92160K, used 41257K [0x0000000704800000, 0x0000000800000000)
  region size 2048K, 8 young (16384K), 3 survivors (6144K)
 Metaspace       used 77379K, committed 78144K, reserved 1179648K
  class space    used 10392K, committed 10752K, reserved 1048576K
}
Event: 162.760 GC heap after
{Heap after GC invocations=24 (full 4):
 garbage-first heap   total 92160K, used 28372K [0x0000000704800000, 0x0000000800000000)
  region size 2048K, 0 young (0K), 0 survivors (0K)
 Metaspace       used 77376K, committed 78144K, reserved 1179648K
  class space    used 10391K, committed 10752K, reserved 1048576K
}
Event: 163.299 GC heap before
{Heap before GC invocations=24 (full 4):
 garbage-first heap   total 92160K, used 73428K [0x0000000704800000, 0x0000000800000000)
  region size 2048K, 23 young (47104K), 0 survivors (0K)
 Metaspace       used 77698K, committed 78528K, reserved 1179648K
  class space    used 10406K, committed 10816K, reserved 1048576K
}
Event: 163.303 GC heap after
{Heap after GC invocations=25 (full 4):
 garbage-first heap   total 92160K, used 33054K [0x0000000704800000, 0x0000000800000000)
  region size 2048K, 3 young (6144K), 3 survivors (6144K)
 Metaspace       used 77698K, committed 78528K, reserved 1179648K
  class space    used 10406K, committed 10816K, reserved 1048576K
}
Event: 408.164 GC heap before
{Heap before GC invocations=26 (full 4):
 garbage-first heap   total 92160K, used 55582K [0x0000000704800000, 0x0000000800000000)
  region size 2048K, 15 young (30720K), 3 survivors (6144K)
 Metaspace       used 78453K, committed 79296K, reserved 1179648K
  class space    used 10414K, committed 10816K, reserved 1048576K
}
Event: 408.257 GC heap after
{Heap after GC invocations=27 (full 5):
 garbage-first heap   total 92160K, used 28588K [0x0000000704800000, 0x0000000800000000)
  region size 2048K, 0 young (0K), 0 survivors (0K)
 Metaspace       used 78450K, committed 79296K, reserved 1179648K
  class space    used 10414K, committed 10816K, reserved 1048576K
}
Event: 418.971 GC heap before
{Heap before GC invocations=27 (full 5):
 garbage-first heap   total 92160K, used 73644K [0x0000000704800000, 0x0000000800000000)
  region size 2048K, 23 young (47104K), 0 survivors (0K)
 Metaspace       used 78818K, committed 79616K, reserved 1179648K
  class space    used 10432K, committed 10816K, reserved 1048576K
}
Event: 418.976 GC heap after
{Heap after GC invocations=28 (full 5):
 garbage-first heap   total 92160K, used 33558K [0x0000000704800000, 0x0000000800000000)
  region size 2048K, 3 young (6144K), 3 survivors (6144K)
 Metaspace       used 78818K, committed 79616K, reserved 1179648K
  class space    used 10432K, committed 10816K, reserved 1048576K
}

